<?xml version="1.0" encoding="UTF-8"?>
<testng-results skipped="0" failed="0" ignored="0" total="1" passed="1">
  <reporter-output>
  </reporter-output>
  <suite name="testng Suite" duration-ms="69433" started-at="2020-12-05T20:22:02 IST" finished-at="2020-12-05T20:23:12 IST">
    <groups>
    </groups>
    <test name="Framework" duration-ms="69433" started-at="2020-12-05T20:22:02 IST" finished-at="2020-12-05T20:23:12 IST">
      <class name="driver.DriverScript">
        <test-method status="PASS" signature="loadClasses()[pri:0, instance:driver.DriverScript@48503868]" name="loadClasses" is-config="true" duration-ms="32" started-at="2020-12-05T20:22:02 IST" finished-at="2020-12-05T20:22:02 IST">
          <reporter-output>
          </reporter-output>
        </test-method> <!-- loadClasses -->
        <test-method status="PASS" signature="executeTests()[pri:0, instance:driver.DriverScript@48503868]" name="executeTests" duration-ms="69364" started-at="2020-12-05T20:22:02 IST" finished-at="2020-12-05T20:23:12 IST">
          <reporter-output>
          </reporter-output>
        </test-method> <!-- executeTests -->
      </class> <!-- driver.DriverScript -->
    </test> <!-- Framework -->
  </suite> <!-- testng Suite -->
</testng-results>
